[INFO] 18:53:43:848 Servidor/(13342:13342): Servidor listo para recibir al cliente
[INFO] 19:02:23:842 Servidor/(14061:14061): Servidor listo para recibir al cliente
[INFO] 19:02:23:842 Servidor/(14061:14061): Se conecto un cliente!
[WARNING] 19:03:24:082 Servidor/(14061:14061): Operacion desconocida. No quieras meter la pata
[WARNING] 19:03:24:910 Servidor/(14061:14061): Operacion desconocida. No quieras meter la pata
[WARNING] 19:03:24:910 Servidor/(14061:14061): Operacion desconocida. No quieras meter la pata
[INFO] 15:09:41:242 Servidor/(7148:7148): Servidor listo para recibir al cliente
[INFO] 15:09:57:006 Servidor/(7198:7198): Servidor listo para recibir al cliente
[INFO] 15:10:37:697 Servidor/(7322:7322): Servidor listo para recibir al cliente
[INFO] 15:21:13:157 Servidor/(8790:8790): Servidor listo para recibir al cliente
[INFO] 15:28:22:776 Servidor/(9735:9735): Servidor listo para recibir al cliente
[INFO] 19:12:32:592 Servidor/(3224:3224): Servidor listo para recibir al cliente
[INFO] 19:29:41:511 Servidor/(5872:5872): Servidor listo para recibir al cliente
[INFO] 19:31:33:450 Servidor/(5872:5872): Se conecto un cliente!
[ERROR] 19:31:33:451 Servidor/(5872:5872): el cliente se desconecto. Terminando servidor
[INFO] 20:43:40:750 Servidor/(14011:14011): Servidor listo para recibir al cliente
[INFO] 20:43:54:742 Servidor/(14011:14011): Se conecto un cliente!
[INFO] 20:43:54:743 Servidor/(14011:14011): Me llego el mensaje Hola, soy un valor
[ERROR] 20:43:54:743 Servidor/(14011:14011): el cliente se desconecto. Terminando servidor
[INFO] 16:42:30:437 Servidor/(5492:5492): Servidor listo para recibir al cliente
[INFO] 16:43:07:556 Servidor/(5492:5492): Se conecto un cliente!
[INFO] 16:43:07:556 Servidor/(5492:5492): Me llego el mensaje Hola, soy un valor
[ERROR] 16:43:21:334 Servidor/(5492:5492): el cliente se desconecto. Terminando servidor
[INFO] 16:46:01:517 Servidor/(6045:6045): Servidor listo para recibir al cliente
[INFO] 16:46:08:138 Servidor/(6045:6045): Se conecto un cliente!
[INFO] 16:46:08:138 Servidor/(6045:6045): Me llego el mensaje Hola, soy un valor
[INFO] 16:46:17:127 Servidor/(6045:6045): Me llego el mensaje 
[ERROR] 16:46:17:128 Servidor/(6045:6045): el cliente se desconecto. Terminando servidor
[INFO] 16:48:43:099 Servidor/(6389:6389): Servidor listo para recibir al cliente
[INFO] 16:48:50:389 Servidor/(6389:6389): Se conecto un cliente!
[INFO] 16:48:50:389 Servidor/(6389:6389): Me llego el mensaje Hola, soy un valor
[INFO] 16:48:53:407 Servidor/(6389:6389): Me llego el mensaje 
[ERROR] 16:48:53:407 Servidor/(6389:6389): el cliente se desconecto. Terminando servidor
[INFO] 17:50:00:046 Servidor/(6845:6845): Servidor listo para recibir al cliente
[INFO] 17:50:28:362 Servidor/(6845:6845): Se conecto un cliente!
[INFO] 17:50:28:363 Servidor/(6845:6845): Me llego el mensaje Hola, soy un valor
[INFO] 17:50:37:340 Servidor/(6845:6845): Me llego el mensaje 
[ERROR] 17:50:37:343 Servidor/(6845:6845): el cliente se desconecto. Terminando servidor
[INFO] 17:51:49:673 Servidor/(7050:7050): Servidor listo para recibir al cliente
[INFO] 18:02:15:150 Servidor/(8407:8407): Servidor listo para recibir al cliente
