[INFO] 03:06:34:271 DISCORDIADOR/(519:519): INICIANDO DISCORDIADOR..
[INFO] 03:06:34:271 DISCORDIADOR/(519:519): Generando configuraciones..
[INFO] 03:06:34:271 DISCORDIADOR/(519:519): IP RAM: 127.0.0.1
[INFO] 03:06:34:271 DISCORDIADOR/(519:519): PUERTO RAM: 5001
[INFO] 03:06:34:272 DISCORDIADOR/(519:519): CONECTANDOSE A RAM EN SOCKET 4..
[INFO] 03:06:34:272 DISCORDIADOR/(519:519): IP STORE: 127.0.0.1
[INFO] 03:06:34:272 DISCORDIADOR/(519:519): PUERTO STORE: 5003
[INFO] 03:06:34:272 DISCORDIADOR/(519:519): ALGORITMO DE PLANIFICACION: RR
[INFO] 03:06:34:272 DISCORDIADOR/(519:519): QUANTUM UTILIZADO: 3
[INFO] 03:06:34:272 DISCORDIADOR/(519:519): GRADO MULTITAREA PERMITIDO: 2
[INFO] 03:06:34:272 DISCORDIADOR/(519:519): DURACION DE LOS SABOTAJES: 20
[INFO] 03:06:34:272 DISCORDIADOR/(519:519): RETARDO DEL CICLO DE CPU: 6
[INFO] 03:06:34:272 DISCORDIADOR/(519:519):  COLAS DE PLANIFICACION INICIALIZADAS..
[INFO] 03:06:34:272 DISCORDIADOR/(519:519): ---DATOS INICIALIZADO---

[INFO] 03:06:39:945 DISCORDIADOR/(519:521): Aviso a ram que deseo iniciar 3 tripulantes..

[INFO] 03:12:40:829 DISCORDIADOR/(1403:1403): INICIANDO DISCORDIADOR..
[INFO] 03:12:40:829 DISCORDIADOR/(1403:1403): Generando configuraciones..
[INFO] 03:12:40:829 DISCORDIADOR/(1403:1403): IP RAM: 127.0.0.1
[INFO] 03:12:40:830 DISCORDIADOR/(1403:1403): PUERTO RAM: 5001
[INFO] 03:12:40:830 DISCORDIADOR/(1403:1403): CONECTANDOSE A RAM EN SOCKET 4..
[INFO] 03:12:40:830 DISCORDIADOR/(1403:1403): IP STORE: 127.0.0.1
[INFO] 03:12:40:830 DISCORDIADOR/(1403:1403): PUERTO STORE: 5003
[INFO] 03:12:40:830 DISCORDIADOR/(1403:1403): ALGORITMO DE PLANIFICACION: RR
[INFO] 03:12:40:830 DISCORDIADOR/(1403:1403): QUANTUM UTILIZADO: 3
[INFO] 03:12:40:830 DISCORDIADOR/(1403:1403): GRADO MULTITAREA PERMITIDO: 2
[INFO] 03:12:40:830 DISCORDIADOR/(1403:1403): DURACION DE LOS SABOTAJES: 20
[INFO] 03:12:40:830 DISCORDIADOR/(1403:1403): RETARDO DEL CICLO DE CPU: 6
[INFO] 03:12:40:830 DISCORDIADOR/(1403:1403):  COLAS DE PLANIFICACION INICIALIZADAS..
[INFO] 03:12:40:830 DISCORDIADOR/(1403:1403): ---DATOS INICIALIZADO---

[INFO] 03:33:09:979 DISCORDIADOR/(4304:4304): INICIANDO DISCORDIADOR..
[INFO] 03:33:09:979 DISCORDIADOR/(4304:4304): Generando configuraciones..
[INFO] 03:33:09:979 DISCORDIADOR/(4304:4304): IP RAM: 127.0.0.1
[INFO] 03:33:09:979 DISCORDIADOR/(4304:4304): PUERTO RAM: 5001
[INFO] 03:33:09:980 DISCORDIADOR/(4304:4304): CONECTANDOSE A RAM EN SOCKET -1..
[INFO] 03:33:09:980 DISCORDIADOR/(4304:4304): IP STORE: 127.0.0.1
[INFO] 03:33:09:980 DISCORDIADOR/(4304:4304): PUERTO STORE: 5003
[INFO] 03:33:09:980 DISCORDIADOR/(4304:4304): ALGORITMO DE PLANIFICACION: RR
[INFO] 03:33:09:980 DISCORDIADOR/(4304:4304): QUANTUM UTILIZADO: 3
[INFO] 03:33:09:980 DISCORDIADOR/(4304:4304): GRADO MULTITAREA PERMITIDO: 2
[INFO] 03:33:09:980 DISCORDIADOR/(4304:4304): DURACION DE LOS SABOTAJES: 20
[INFO] 03:33:09:980 DISCORDIADOR/(4304:4304): RETARDO DEL CICLO DE CPU: 6
[INFO] 03:33:09:980 DISCORDIADOR/(4304:4304):  COLAS DE PLANIFICACION INICIALIZADAS..
[INFO] 03:33:09:980 DISCORDIADOR/(4304:4304): ---DATOS INICIALIZADO---

[INFO] 03:33:40:540 DISCORDIADOR/(4371:4371): INICIANDO DISCORDIADOR..
[INFO] 03:33:40:541 DISCORDIADOR/(4371:4371): Generando configuraciones..
[INFO] 03:33:40:541 DISCORDIADOR/(4371:4371): IP RAM: 127.0.0.1
[INFO] 03:33:40:541 DISCORDIADOR/(4371:4371): PUERTO RAM: 5001
[INFO] 03:33:40:541 DISCORDIADOR/(4371:4371): CONECTANDOSE A RAM EN SOCKET 4..
[INFO] 03:33:40:541 DISCORDIADOR/(4371:4371): IP STORE: 127.0.0.1
[INFO] 03:33:40:541 DISCORDIADOR/(4371:4371): PUERTO STORE: 5003
[INFO] 03:33:40:544 DISCORDIADOR/(4371:4371): ALGORITMO DE PLANIFICACION: RR
[INFO] 03:33:40:544 DISCORDIADOR/(4371:4371): QUANTUM UTILIZADO: 3
[INFO] 03:33:40:544 DISCORDIADOR/(4371:4371): GRADO MULTITAREA PERMITIDO: 2
[INFO] 03:33:40:545 DISCORDIADOR/(4371:4371): DURACION DE LOS SABOTAJES: 20
[INFO] 03:33:40:545 DISCORDIADOR/(4371:4371): RETARDO DEL CICLO DE CPU: 6
[INFO] 03:33:40:545 DISCORDIADOR/(4371:4371):  COLAS DE PLANIFICACION INICIALIZADAS..
[INFO] 03:33:40:545 DISCORDIADOR/(4371:4371): ---DATOS INICIALIZADO---

[INFO] 03:42:37:117 DISCORDIADOR/(5495:5495): INICIANDO DISCORDIADOR..
[INFO] 03:42:37:118 DISCORDIADOR/(5495:5495): Generando configuraciones..
[INFO] 03:42:37:118 DISCORDIADOR/(5495:5495): IP RAM: 127.0.0.1
[INFO] 03:42:37:118 DISCORDIADOR/(5495:5495): PUERTO RAM: 5001
[INFO] 03:42:37:118 DISCORDIADOR/(5495:5495): CONECTANDOSE A RAM EN SOCKET 4..
[INFO] 03:42:37:118 DISCORDIADOR/(5495:5495): IP STORE: 127.0.0.1
[INFO] 03:42:37:118 DISCORDIADOR/(5495:5495): PUERTO STORE: 5003
[INFO] 03:42:37:118 DISCORDIADOR/(5495:5495): ALGORITMO DE PLANIFICACION: RR
[INFO] 03:42:37:118 DISCORDIADOR/(5495:5495): QUANTUM UTILIZADO: 3
[INFO] 03:42:37:118 DISCORDIADOR/(5495:5495): GRADO MULTITAREA PERMITIDO: 2
[INFO] 03:42:37:119 DISCORDIADOR/(5495:5495): DURACION DE LOS SABOTAJES: 20
[INFO] 03:42:37:119 DISCORDIADOR/(5495:5495): RETARDO DEL CICLO DE CPU: 6
[INFO] 03:42:37:119 DISCORDIADOR/(5495:5495):  COLAS DE PLANIFICACION INICIALIZADAS..
[INFO] 03:42:37:119 DISCORDIADOR/(5495:5495): ---DATOS INICIALIZADO---

[INFO] 04:03:19:306 DISCORDIADOR/(8257:8257): INICIANDO DISCORDIADOR..
[INFO] 04:03:19:306 DISCORDIADOR/(8257:8257): Generando configuraciones..
[INFO] 04:03:19:306 DISCORDIADOR/(8257:8257): IP RAM: 127.0.0.1
[INFO] 04:03:19:306 DISCORDIADOR/(8257:8257): PUERTO RAM: 5001
[INFO] 04:03:19:307 DISCORDIADOR/(8257:8257): CONECTANDOSE A RAM EN SOCKET 4..
[INFO] 04:03:19:307 DISCORDIADOR/(8257:8257): IP STORE: 127.0.0.1
[INFO] 04:03:19:307 DISCORDIADOR/(8257:8257): PUERTO STORE: 5003
[INFO] 04:03:19:307 DISCORDIADOR/(8257:8257): ALGORITMO DE PLANIFICACION: RR
[INFO] 04:03:19:307 DISCORDIADOR/(8257:8257): QUANTUM UTILIZADO: 3
[INFO] 04:03:19:307 DISCORDIADOR/(8257:8257): GRADO MULTITAREA PERMITIDO: 2
[INFO] 04:03:19:307 DISCORDIADOR/(8257:8257): DURACION DE LOS SABOTAJES: 20
[INFO] 04:03:19:307 DISCORDIADOR/(8257:8257): RETARDO DEL CICLO DE CPU: 6
[INFO] 04:03:19:307 DISCORDIADOR/(8257:8257):  COLAS DE PLANIFICACION INICIALIZADAS..
[INFO] 04:03:19:307 DISCORDIADOR/(8257:8257): ---DATOS INICIALIZADO---

