ARCHIVO_LOG=/home/utnso/workspace/logs/mongo.log[ERROR] 19:26:56:423 Mongo/(10026:10026): Error al abrir el archivo Bitmap.bin
[ERROR] 19:28:36:315 Mongo/(10201:10201): Error al abrir el archivo Bitmap.bin
[ERROR] 19:33:10:254 Mongo/(10632:10632): Error al abrir el archivo Bitmap.bin
[ERROR] 19:34:00:259 Mongo/(10744:10744): Error al abrir el archivo Bitmap.bin
[TRACE] 09:09:52:329 Mongo/(15911:15911): Estructura creada.
[ERROR] 15:44:43:872 Mongo/(21268:21268): Error al abrir el archivo Bitmap.bin
[ERROR] 15:55:55:439 Mongo/(22234:22234): Error al crear el Bitmap
[ERROR] 16:00:06:611 Mongo/(22598:22598): Error al crear el Bitmap
[ERROR] 16:08:43:389 Mongo/(23389:23389): No se encuentra archivo SuperBloque.ims
[ERROR] 16:09:02:041 Mongo/(23418:23418): Error al crear el Bitmap
[ERROR] 16:34:56:134 Mongo/(25912:25912): Error al crear el Bitmap
[ERROR] 16:37:25:823 Mongo/(26303:26303): No se encuentra archivo SuperBloque.ims
[ERROR] 16:37:58:980 Mongo/(26394:26394): No se encuentra archivo SuperBloque.ims
[ERROR] 16:38:13:034 Mongo/(26428:26428): Error al crear el Bitmap
[ERROR] 16:43:38:895 Mongo/(26893:26893): Error al crear el Bitmap
[ERROR] 16:45:44:201 Mongo/(27084:27084): Error al crear el Bitmap
[ERROR] 16:48:37:127 Mongo/(27361:27361): Error al crear el Bitmap
[ERROR] 16:54:47:594 Mongo/(27903:27903): No se encuentra archivo SuperBloque.ims
[ERROR] 16:55:29:676 Mongo/(28078:28078): No se encuentra archivo SuperBloque.ims
[ERROR] 17:38:46:920 Mongo/(32215:32215): Error al crear el Bitmap
[INFO] 08:55:08:032 Mongo/(5326:5326): El directorio /home/utnso/workspace/mnt ya existe. 
[INFO] 09:01:55:999 Mongo/(6588:6588): El directorio /home/utnso/workspace/mnt ya existe. 
[INFO] 09:06:18:458 Mongo/(7380:7380): El directorio /home/utnso/workspace/mnt ya existe. 
[INFO] 09:07:56:167 Mongo/(7610:7610): El directorio /home/utnso/workspace/mnt ya existe. 
[INFO] 09:09:22:376 Mongo/(7831:7831): El directorio /home/utnso/workspace/mnt ya existe. 
[INFO] 09:09:44:666 Mongo/(7884:7884): El directorio /home/utnso/workspace/mnt ya existe. 
[INFO] 09:14:06:787 Mongo/(8533:8533): El directorio /home/utnso/workspace/mnt ya existe. 
[INFO] 13:52:30:539 Mongo/(6537:6537): El directorio /home/utnso/workspace/mnt ya existe. 
[INFO] 14:10:16:593 Mongo/(7517:7517): El directorio /home/utnso/workspace/mnt ya existe. 
[INFO] 14:14:50:939 Mongo/(7658:7658): El directorio /home/utnso/workspace/mnt ya existe. 
[INFO] 14:21:52:634 Mongo/(7838:7838): El directorio /home/utnso/workspace/mnt ya existe. 
[INFO] 14:22:46:481 Mongo/(7889:7889): El directorio /home/utnso/workspace/mnt ya existe. 
[INFO] 14:23:48:742 Mongo/(7942:7942): El directorio /home/utnso/workspace/mnt ya existe. 
[INFO] 14:28:03:670 Mongo/(8049:8049): El directorio /home/utnso/workspace/mnt ya existe. 
[INFO] 17:31:13:605 Mongo/(12426:12426): El directorio /home/utnso/workspace/mnt ya existe. 
[INFO] 17:32:50:957 Mongo/(12483:12483): El directorio /home/utnso/workspace/mnt ya existe. 
[INFO] 17:34:39:541 Mongo/(12548:12548): El directorio /home/utnso/workspace/mnt ya existe. 
[INFO] 17:39:01:258 Mongo/(12639:12639): El directorio /home/utnso/workspace/mnt ya existe. 
[INFO] 17:39:44:834 Mongo/(12695:12695): El directorio /home/utnso/workspace/mnt ya existe. 
[INFO] 17:40:32:619 Mongo/(12738:12738): El directorio /home/utnso/workspace/mnt ya existe. 
[INFO] 17:41:12:544 Mongo/(12782:12782): El directorio /home/utnso/workspace/mnt ya existe. 
[INFO] 17:45:21:878 Mongo/(12889:12889): El directorio /home/utnso/workspace/mnt ya existe. 
[INFO] 17:46:03:799 Mongo/(12930:12930): El directorio /home/utnso/workspace/mnt ya existe. 
[INFO] 17:46:46:714 Mongo/(12971:12971): El directorio /home/utnso/workspace/mnt ya existe. 
[INFO] 17:48:02:435 Mongo/(13039:13039): El directorio /home/utnso/workspace/mnt ya existe. 
[INFO] 17:48:15:641 Mongo/(13051:13051): El directorio /home/utnso/workspace/mnt ya existe. 
[INFO] 17:49:03:709 Mongo/(13089:13089): El directorio /home/utnso/workspace/mnt ya existe. 
[INFO] 17:51:09:415 Mongo/(13156:13156): El directorio /home/utnso/workspace/mnt ya existe. 
[INFO] 17:56:22:172 Mongo/(13303:13303): El directorio /home/utnso/workspace/mnt ya existe. 
[INFO] 18:03:26:303 Mongo/(13506:13506): El directorio /home/utnso/workspace/mnt ya existe. 
[INFO] 18:09:53:951 Mongo/(13712:13712): El directorio /home/utnso/workspace/mnt ya existe. 
[INFO] 18:11:39:745 Mongo/(13798:13798): El directorio /home/utnso/workspace/mnt ya existe. 
[INFO] 18:15:51:330 Mongo/(13909:13909): El directorio /home/utnso/workspace/mnt ya existe. 
[INFO] 18:19:50:642 Mongo/(14034:14034): El directorio /home/utnso/workspace/mnt ya existe. 
[INFO] 18:22:48:999 Mongo/(14128:14128): El directorio /home/utnso/workspace/mnt ya existe. 
[INFO] 18:26:52:070 Mongo/(14221:14221): El directorio /home/utnso/workspace/mnt ya existe. 
[INFO] 18:28:20:222 Mongo/(14277:14277): El directorio /home/utnso/workspace/mnt ya existe. 
[INFO] 18:36:33:019 Mongo/(14462:14462): El directorio /home/utnso/workspace/mnt ya existe. 
[INFO] 18:37:09:669 Mongo/(14502:14502): El directorio /home/utnso/workspace/mnt ya existe. 
[INFO] 18:37:52:566 Mongo/(14548:14548): El directorio /home/utnso/workspace/mnt ya existe. 
[INFO] 18:38:52:140 Mongo/(14601:14601): El directorio /home/utnso/workspace/mnt ya existe. 
[INFO] 18:43:28:428 Mongo/(14707:14707): El directorio /home/utnso/workspace/mnt ya existe. 
[INFO] 18:45:34:175 Mongo/(14789:14789): El directorio /home/utnso/workspace/mnt ya existe. 
[INFO] 18:46:05:193 Mongo/(14834:14834): El directorio /home/utnso/workspace/mnt ya existe. 
[INFO] 18:46:15:456 Mongo/(14840:14840): El directorio /home/utnso/workspace/mnt ya existe. 
[INFO] 18:46:57:545 Mongo/(14900:14900): El directorio /home/utnso/workspace/mnt ya existe. 
[INFO] 18:54:50:423 Mongo/(15153:15153): El directorio /home/utnso/workspace/mnt ya existe. 
[INFO] 19:03:04:039 Mongo/(15322:15322): El directorio /home/utnso/workspace/mnt ya existe. 
[INFO] 19:06:23:098 Mongo/(15383:15383): El directorio /home/utnso/workspace/mnt ya existe. 
[INFO] 19:07:41:822 Mongo/(15438:15438): El directorio /home/utnso/workspace/mnt ya existe. 
[INFO] 19:08:32:894 Mongo/(15649:15649): El directorio /home/utnso/workspace/mnt ya existe. 
[INFO] 19:09:20:414 Mongo/(15688:15688): El directorio /home/utnso/workspace/mnt ya existe. 
[INFO] 19:11:38:280 Mongo/(15743:15743): El directorio /home/utnso/workspace/mnt ya existe. 
[INFO] 19:14:53:457 Mongo/(3345:3345): El directorio /home/utnso/workspace/mnt ya existe. 
[INFO] 19:16:38:040 Mongo/(3591:3591): El directorio /home/utnso/workspace/mnt ya existe. 
[INFO] 19:22:22:028 Mongo/(3795:3795): El directorio /home/utnso/workspace/mnt ya existe. 
[ERROR] 14:26:40:870 Mongo/(14232:14232): Error al crear el Bitmap
[ERROR] 14:27:10:474 Mongo/(14260:14260): Error al crear el Bitmap
[ERROR] 14:34:37:356 Mongo/(14721:14721): Error al crear el Bitmap
[ERROR] 14:38:35:374 Mongo/(15074:15074): Error al crear el Bitmap
[ERROR] 14:41:23:401 Mongo/(15125:15125): Error al crear el Bitmap
[ERROR] 14:41:52:118 Mongo/(15146:15146): Error al crear el Bitmap
[ERROR] 14:44:46:857 Mongo/(15224:15224): Error al crear el Bitmap
[ERROR] 14:45:31:368 Mongo/(15255:15255): Error al crear el Bitmap
[ERROR] 14:46:05:210 Mongo/(15275:15275): Error al crear el Bitmap
[ERROR] 14:46:50:806 Mongo/(15314:15314): Error al crear el Bitmap
[ERROR] 14:47:00:768 Mongo/(15330:15330): Error al crear el Bitmap
[ERROR] 14:47:55:159 Mongo/(15395:15395): Error al crear el Bitmap
[ERROR] 14:48:17:386 Mongo/(15414:15414): Error al crear el Bitmap
[ERROR] 14:59:38:741 Mongo/(16007:16007): Error al crear el Bitmap
[INFO] 00:59:54:411 Mongo/(11050:11050): El directorio /home/utnso/workspace/mnt ya existe. 
[INFO] 01:00:56:425 Mongo/(11137:11137): El directorio /home/utnso/workspace/mnt ya existe. 
[INFO] 01:05:39:059 Mongo/(11137:11137): Se conecto un cliente con socket: 5

[INFO] 01:05:46:565 Mongo/(11137:11137): Se conecto un cliente con socket: 7

[INFO] 01:05:46:572 Mongo/(11137:11137): Se conecto un cliente con socket: 7

[INFO] 01:06:28:067 Mongo/(11137:11137): Se conecto un cliente con socket: 7

[INFO] 01:06:28:067 Mongo/(11137:11137): Se conecto un cliente con socket: 7

[INFO] 01:06:31:067 Mongo/(11137:11137): Se conecto un cliente con socket: 7

[INFO] 01:06:34:068 Mongo/(11137:11137): Se conecto un cliente con socket: 7

[INFO] 01:06:37:068 Mongo/(11137:11137): Se conecto un cliente con socket: 7

[INFO] 01:06:40:069 Mongo/(11137:11137): Se conecto un cliente con socket: 7

[INFO] 01:06:43:070 Mongo/(11137:11137): Se conecto un cliente con socket: 7

[INFO] 01:06:46:071 Mongo/(11137:11137): Se conecto un cliente con socket: 7

[INFO] 01:06:49:071 Mongo/(11137:11137): Se conecto un cliente con socket: 7

[INFO] 01:06:52:071 Mongo/(11137:11137): Se conecto un cliente con socket: 7

[INFO] 19:41:58:141 Mongo/(17207:17207): Se conecto un cliente con socket: 7

[INFO] 19:42:07:523 Mongo/(17207:17207): Se conecto un cliente con socket: 8

[INFO] 19:42:10:973 Mongo/(17207:17207): Se conecto un cliente con socket: 8

[INFO] 19:42:13:973 Mongo/(17207:17207): Se conecto un cliente con socket: 8

[INFO] 19:42:16:974 Mongo/(17207:17207): Se conecto un cliente con socket: 8

[INFO] 19:42:19:975 Mongo/(17207:17207): Se conecto un cliente con socket: 8

[INFO] 19:42:22:976 Mongo/(17207:17207): Se conecto un cliente con socket: 8

[INFO] 19:42:25:977 Mongo/(17207:17207): Se conecto un cliente con socket: 8

[INFO] 19:42:28:977 Mongo/(17207:17207): Se conecto un cliente con socket: 8

[INFO] 19:42:31:979 Mongo/(17207:17207): Se conecto un cliente con socket: 8

[INFO] 19:42:34:980 Mongo/(17207:17207): Se conecto un cliente con socket: 8

[INFO] 19:43:22:988 Mongo/(17207:17207): Se conecto un cliente con socket: 8

[INFO] 19:49:32:385 Mongo/(17450:17450): Se conecto un cliente con socket: 5

[INFO] 19:50:34:937 Mongo/(17578:17578): Se conecto un cliente con socket: 5

[INFO] 19:50:40:087 Mongo/(17578:17578): Se conecto un cliente con socket: 7

[INFO] 19:50:45:758 Mongo/(17578:17578): Se conecto un cliente con socket: 7

[INFO] 19:53:44:554 Mongo/(17671:17671): Se conecto un cliente con socket: 7

[INFO] 19:53:56:752 Mongo/(17671:17671): Se conecto un cliente con socket: 8

[INFO] 19:54:11:311 Mongo/(17671:17671): Se conecto un cliente con socket: 8

[INFO] 19:54:14:311 Mongo/(17671:17671): Se conecto un cliente con socket: 8

[INFO] 19:54:17:312 Mongo/(17671:17671): Se conecto un cliente con socket: 8

[INFO] 19:54:20:313 Mongo/(17671:17671): Se conecto un cliente con socket: 8

[INFO] 19:54:23:314 Mongo/(17671:17671): Se conecto un cliente con socket: 8

[INFO] 19:54:26:315 Mongo/(17671:17671): Se conecto un cliente con socket: 8

[INFO] 19:54:29:316 Mongo/(17671:17671): Se conecto un cliente con socket: 8

[INFO] 19:54:32:317 Mongo/(17671:17671): Se conecto un cliente con socket: 8

[INFO] 19:54:35:317 Mongo/(17671:17671): Se conecto un cliente con socket: 8

[INFO] 19:55:23:324 Mongo/(17671:17671): Se conecto un cliente con socket: 8

[INFO] 19:55:45:346 Mongo/(17671:17671): Se conecto un cliente con socket: 8

[INFO] 19:56:38:626 Mongo/(17671:17671): Se conecto un cliente con socket: 9

[INFO] 19:56:48:905 Mongo/(17671:17671): Se conecto un cliente con socket: 10

[INFO] 19:56:58:279 Mongo/(17671:17671): Se conecto un cliente con socket: 10

[INFO] 19:57:01:280 Mongo/(17671:17671): Se conecto un cliente con socket: 10

[INFO] 19:57:04:280 Mongo/(17671:17671): Se conecto un cliente con socket: 10

[INFO] 19:57:07:282 Mongo/(17671:17671): Se conecto un cliente con socket: 10

[INFO] 19:57:10:282 Mongo/(17671:17671): Se conecto un cliente con socket: 10

[INFO] 19:57:13:283 Mongo/(17671:17671): Se conecto un cliente con socket: 10

[INFO] 19:57:16:284 Mongo/(17671:17671): Se conecto un cliente con socket: 10

[INFO] 19:57:19:284 Mongo/(17671:17671): Se conecto un cliente con socket: 10

[INFO] 19:57:22:284 Mongo/(17671:17671): Se conecto un cliente con socket: 10

[INFO] 19:58:10:292 Mongo/(17671:17671): Se conecto un cliente con socket: 10

[INFO] 20:00:06:907 Mongo/(17671:17671): Se conecto un cliente con socket: 10

[INFO] 20:00:24:417 Mongo/(17671:17671): Se conecto un cliente con socket: 11

[INFO] 20:00:30:688 Mongo/(17671:17671): Se conecto un cliente con socket: 11

[INFO] 20:00:33:688 Mongo/(17671:17671): Se conecto un cliente con socket: 11

[INFO] 20:00:36:690 Mongo/(17671:17671): Se conecto un cliente con socket: 11

[INFO] 20:00:39:690 Mongo/(17671:17671): Se conecto un cliente con socket: 11

[INFO] 20:00:42:691 Mongo/(17671:17671): Se conecto un cliente con socket: 11

[INFO] 20:00:45:692 Mongo/(17671:17671): Se conecto un cliente con socket: 11

[INFO] 20:00:47:905 Mongo/(17671:17671): Se conecto un cliente con socket: 11

[INFO] 20:00:47:906 Mongo/(17671:17671): Se conecto un cliente con socket: 11

[INFO] 20:00:48:693 Mongo/(17671:17671): Se conecto un cliente con socket: 11

[INFO] 20:00:50:906 Mongo/(17671:17671): Se conecto un cliente con socket: 11

[INFO] 20:00:51:694 Mongo/(17671:17671): Se conecto un cliente con socket: 11

[INFO] 20:00:53:907 Mongo/(17671:17671): Se conecto un cliente con socket: 11

[INFO] 20:00:54:695 Mongo/(17671:17671): Se conecto un cliente con socket: 11

[INFO] 20:00:56:908 Mongo/(17671:17671): Se conecto un cliente con socket: 11

[INFO] 20:00:59:908 Mongo/(17671:17671): Se conecto un cliente con socket: 11

[INFO] 20:01:02:908 Mongo/(17671:17671): Se conecto un cliente con socket: 11

[INFO] 20:01:05:909 Mongo/(17671:17671): Se conecto un cliente con socket: 11

[INFO] 20:01:08:910 Mongo/(17671:17671): Se conecto un cliente con socket: 11

[INFO] 20:01:11:910 Mongo/(17671:17671): Se conecto un cliente con socket: 11

[INFO] 20:01:42:703 Mongo/(17671:17671): Se conecto un cliente con socket: 11

[INFO] 20:01:59:917 Mongo/(17671:17671): Se conecto un cliente con socket: 11

[INFO] 20:06:42:988 Mongo/(18193:18193): Se conecto un cliente con socket: 7

[INFO] 20:06:49:163 Mongo/(18193:18193): Se conecto un cliente con socket: 8

[INFO] 20:06:54:953 Mongo/(18193:18193): Se conecto un cliente con socket: 8

[INFO] 20:06:57:954 Mongo/(18193:18193): Se conecto un cliente con socket: 8

[INFO] 20:07:00:955 Mongo/(18193:18193): Se conecto un cliente con socket: 8

[INFO] 20:07:03:955 Mongo/(18193:18193): Se conecto un cliente con socket: 8

[INFO] 20:07:06:956 Mongo/(18193:18193): Se conecto un cliente con socket: 8

[INFO] 20:07:09:957 Mongo/(18193:18193): Se conecto un cliente con socket: 8

[INFO] 20:07:12:957 Mongo/(18193:18193): Se conecto un cliente con socket: 8

[INFO] 20:07:15:958 Mongo/(18193:18193): Se conecto un cliente con socket: 8

[INFO] 20:07:18:959 Mongo/(18193:18193): Se conecto un cliente con socket: 8

[INFO] 20:08:06:967 Mongo/(18193:18193): Se conecto un cliente con socket: 8

[INFO] 20:11:27:310 Mongo/(18193:18193): Se conecto un cliente con socket: 8

[INFO] 20:11:27:311 Mongo/(18193:18193): Se conecto un cliente con socket: 8

[INFO] 00:09:12:313 Mongo/(10983:10983): Se conecto un cliente con socket: 5

[INFO] 00:09:22:580 Mongo/(10983:10983): Se conecto un cliente con socket: 7

[INFO] 00:09:22:611 Mongo/(10983:10983): Se conecto un cliente con socket: 7

[INFO] 00:09:31:954 Mongo/(10983:10983): Se conecto un cliente con socket: 7

[INFO] 00:09:31:955 Mongo/(10983:10983): Se conecto un cliente con socket: 7

[INFO] 00:21:40:190 Mongo/(12231:12231): Se conecto un cliente con socket: 5

[INFO] 00:21:44:947 Mongo/(12231:12231): Se conecto un cliente con socket: 7

[INFO] 00:21:44:967 Mongo/(12231:12231): Se conecto un cliente con socket: 7

[INFO] 00:22:16:435 Mongo/(12231:12231): Se conecto un cliente con socket: 7

[INFO] 00:22:16:436 Mongo/(12231:12231): Se conecto un cliente con socket: 7

[INFO] 00:25:12:827 Mongo/(12574:12574): Se conecto un cliente con socket: 5

[INFO] 00:25:23:110 Mongo/(12574:12574): Se conecto un cliente con socket: 7

[INFO] 00:25:23:138 Mongo/(12574:12574): Se conecto un cliente con socket: 7

[INFO] 00:25:33:089 Mongo/(12574:12574): Se conecto un cliente con socket: 7

[INFO] 00:25:33:090 Mongo/(12574:12574): Se conecto un cliente con socket: 7

[INFO] 00:28:10:419 Mongo/(12923:12923): Se conecto un cliente con socket: 5

[INFO] 00:28:18:195 Mongo/(12923:12923): Se conecto un cliente con socket: 7

[INFO] 00:28:18:207 Mongo/(12923:12923): Se conecto un cliente con socket: 7

[INFO] 00:28:24:609 Mongo/(12923:12923): Se conecto un cliente con socket: 7

[INFO] 00:28:24:610 Mongo/(12923:12923): Se conecto un cliente con socket: 7

[INFO] 00:37:19:406 Mongo/(13754:13754): Se conecto un cliente con socket: 5

[INFO] 00:37:26:637 Mongo/(13754:13754): Se conecto un cliente con socket: 7

[INFO] 00:37:26:648 Mongo/(13754:13754): Se conecto un cliente con socket: 7

[INFO] 00:41:38:045 Mongo/(14169:14169): Se conecto un cliente con socket: 5

[INFO] 00:41:43:842 Mongo/(14169:14169): Se conecto un cliente con socket: 7

[INFO] 00:41:43:852 Mongo/(14169:14169): Se conecto un cliente con socket: 7

[INFO] 00:46:10:815 Mongo/(14583:14583): Se conecto un cliente con socket: 5

[INFO] 00:46:19:767 Mongo/(14583:14583): Se conecto un cliente con socket: 7

[INFO] 00:46:19:783 Mongo/(14583:14583): Se conecto un cliente con socket: 7

[INFO] 00:46:27:051 Mongo/(14583:14583): Se conecto un cliente con socket: 7

[INFO] 00:46:27:051 Mongo/(14583:14583): Se conecto un cliente con socket: 7

[INFO] 00:49:24:364 Mongo/(14929:14929): Se conecto un cliente con socket: 5

[INFO] 00:49:34:517 Mongo/(14929:14929): Se conecto un cliente con socket: 7

[INFO] 00:49:34:527 Mongo/(14929:14929): Se conecto un cliente con socket: 7

[INFO] 00:49:47:189 Mongo/(14929:14929): Se conecto un cliente con socket: 7

[INFO] 00:49:47:190 Mongo/(14929:14929): Se conecto un cliente con socket: 7

[INFO] 00:53:11:677 Mongo/(15278:15278): Se conecto un cliente con socket: 5

[INFO] 00:53:20:514 Mongo/(15278:15278): Se conecto un cliente con socket: 7

[INFO] 00:53:20:529 Mongo/(15278:15278): Se conecto un cliente con socket: 7

[INFO] 00:55:52:259 Mongo/(15567:15567): Se conecto un cliente con socket: 5

[INFO] 00:56:00:843 Mongo/(15567:15567): Se conecto un cliente con socket: 7

[INFO] 00:56:00:862 Mongo/(15567:15567): Se conecto un cliente con socket: 7

[INFO] 01:18:14:163 Mongo/(17730:17730): Se conecto un cliente con socket: 5

[INFO] 01:18:29:935 Mongo/(17730:17730): Se conecto un cliente con socket: 7

[INFO] 01:18:29:947 Mongo/(17730:17730): Se conecto un cliente con socket: 7

[INFO] 01:18:29:961 Mongo/(17730:17730): Se conecto un cliente con socket: 7

[INFO] 01:18:39:198 Mongo/(17730:17730): Se conecto un cliente con socket: 7

[INFO] 01:18:39:200 Mongo/(17730:17730): Se conecto un cliente con socket: 7

[INFO] 01:19:53:719 Mongo/(17886:17886): Se conecto un cliente con socket: 5

[INFO] 01:20:03:356 Mongo/(17886:17886): Se conecto un cliente con socket: 7

[INFO] 01:20:03:365 Mongo/(17886:17886): Se conecto un cliente con socket: 7

[INFO] 01:20:17:592 Mongo/(17886:17886): Se conecto un cliente con socket: 7

[INFO] 01:20:17:592 Mongo/(17886:17886): Se conecto un cliente con socket: 7

[INFO] 01:22:37:104 Mongo/(18178:18178): Se conecto un cliente con socket: 5

[INFO] 01:22:46:145 Mongo/(18178:18178): Se conecto un cliente con socket: 7

[INFO] 01:22:46:147 Mongo/(18178:18178): Se conecto un cliente con socket: 7

[INFO] 01:22:52:540 Mongo/(18178:18178): Se conecto un cliente con socket: 7

[INFO] 01:22:52:540 Mongo/(18178:18178): Se conecto un cliente con socket: 7

[INFO] 01:41:18:346 Mongo/(20016:20016): Se conecto un cliente con socket: 5

[INFO] 01:41:26:894 Mongo/(20016:20016): Se conecto un cliente con socket: 7

[INFO] 01:41:26:899 Mongo/(20016:20016): Se conecto un cliente con socket: 7

[INFO] 01:41:40:273 Mongo/(20016:20016): Se conecto un cliente con socket: 7

[INFO] 01:41:40:274 Mongo/(20016:20016): Se conecto un cliente con socket: 7

[INFO] 01:43:38:526 Mongo/(20256:20256): Se conecto un cliente con socket: 5

[INFO] 01:43:47:534 Mongo/(20256:20256): Se conecto un cliente con socket: 7

[INFO] 01:43:47:538 Mongo/(20256:20256): Se conecto un cliente con socket: 7

[INFO] 01:43:52:109 Mongo/(20256:20256): Se conecto un cliente con socket: 7

[INFO] 01:43:52:109 Mongo/(20256:20256): Se conecto un cliente con socket: 7

[INFO] 01:52:14:676 Mongo/(21091:21091): Se conecto un cliente con socket: 5

[INFO] 01:52:22:802 Mongo/(21091:21091): Se conecto un cliente con socket: 7

[INFO] 01:52:22:804 Mongo/(21091:21091): Se conecto un cliente con socket: 7

[INFO] 01:52:29:652 Mongo/(21091:21091): Se conecto un cliente con socket: 7

[INFO] 01:52:29:652 Mongo/(21091:21091): Se conecto un cliente con socket: 7

[INFO] 01:59:36:220 Mongo/(21832:21832): Se conecto un cliente con socket: 5

[INFO] 01:59:43:281 Mongo/(21832:21832): Se conecto un cliente con socket: 7

[INFO] 01:59:43:283 Mongo/(21832:21832): Se conecto un cliente con socket: 7

[INFO] 01:59:48:645 Mongo/(21832:21832): Se conecto un cliente con socket: 7

[INFO] 01:59:48:645 Mongo/(21832:21832): Se conecto un cliente con socket: 7

[INFO] 02:03:05:632 Mongo/(22236:22236): Se conecto un cliente con socket: 5

[INFO] 02:03:18:292 Mongo/(22236:22236): Se conecto un cliente con socket: 7

[INFO] 02:03:18:294 Mongo/(22236:22236): Se conecto un cliente con socket: 7

[INFO] 02:03:25:254 Mongo/(22236:22236): Se conecto un cliente con socket: 7

[INFO] 02:03:25:255 Mongo/(22236:22236): Se conecto un cliente con socket: 7

[INFO] 02:04:28:585 Mongo/(22418:22418): Se conecto un cliente con socket: 5

[INFO] 02:04:33:503 Mongo/(22418:22418): Se conecto un cliente con socket: 7

[INFO] 02:04:33:504 Mongo/(22418:22418): Se conecto un cliente con socket: 7

[INFO] 02:04:36:892 Mongo/(22418:22418): Se conecto un cliente con socket: 7

[INFO] 02:04:36:892 Mongo/(22418:22418): Se conecto un cliente con socket: 7

[INFO] 02:05:43:414 Mongo/(22597:22597): Se conecto un cliente con socket: 5

[INFO] 02:05:47:908 Mongo/(22597:22597): Se conecto un cliente con socket: 7

[INFO] 02:05:47:909 Mongo/(22597:22597): Se conecto un cliente con socket: 7

[INFO] 02:05:56:755 Mongo/(22597:22597): Se conecto un cliente con socket: 7

[INFO] 02:05:56:757 Mongo/(22597:22597): Se conecto un cliente con socket: 7

[INFO] 02:08:08:183 Mongo/(22871:22871): Se conecto un cliente con socket: 5

[INFO] 02:08:13:542 Mongo/(22871:22871): Se conecto un cliente con socket: 7

[INFO] 02:08:13:543 Mongo/(22871:22871): Se conecto un cliente con socket: 7

[INFO] 02:09:05:178 Mongo/(22871:22871): Se conecto un cliente con socket: 7

[INFO] 02:13:03:692 Mongo/(23467:23467): Se conecto un cliente con socket: 5

[INFO] 02:13:09:184 Mongo/(23467:23467): Se conecto un cliente con socket: 7

[INFO] 02:13:09:194 Mongo/(23467:23467): Se conecto un cliente con socket: 7

[INFO] 02:13:22:729 Mongo/(23467:23467): Se conecto un cliente con socket: 7

[INFO] 02:13:22:729 Mongo/(23467:23467): Se conecto un cliente con socket: 7

[INFO] 02:16:27:516 Mongo/(23828:23828): Se conecto un cliente con socket: 5

[INFO] 02:16:33:809 Mongo/(23828:23828): Se conecto un cliente con socket: 7

[INFO] 02:16:33:825 Mongo/(23828:23828): Se conecto un cliente con socket: 7

[INFO] 02:18:51:423 Mongo/(24078:24078): Se conecto un cliente con socket: 5

[INFO] 02:18:57:065 Mongo/(24078:24078): Se conecto un cliente con socket: 7

[INFO] 02:18:57:082 Mongo/(24078:24078): Se conecto un cliente con socket: 7

